<?xml version="1.0" encoding="UTF-8"?>
<!-- Generated by org.testng.reporters.JUnitReportReporter -->
<testsuite hostname="DESKTOP-NPK11H1" failures="0" tests="1" name="com.Bank.BankManagerLoginTest.OpenAccountTest" time="4.828" errors="0" timestamp="2023-01-25T08:30:33 GMT" skipped="0">
  <testcase classname="com.Bank.BankManagerLoginTest.OpenAccountTest" name="AddCustomer" time="4.828"/>
  <system-out/>
</testsuite> <!-- com.Bank.BankManagerLoginTest.OpenAccountTest -->
